<html>
<head>
<title>TestNG:  CompleteTest</title>
<link href="../testng.css" rel="stylesheet" type="text/css" />
<link href="../my-testng.css" rel="stylesheet" type="text/css" />

<style type="text/css">
.log { display: none;} 
.stack-trace { display: none;} 
</style>
<script type="text/javascript">
<!--
function flip(e) {
  current = e.style.display;
  if (current == 'block') {
    e.style.display = 'none';
    return 0;
  }
  else {
    e.style.display = 'block';
    return 1;
  }
}

function toggleBox(szDivId, elem, msg1, msg2)
{
  var res = -1;  if (document.getElementById) {
    res = flip(document.getElementById(szDivId));
  }
  else if (document.all) {
    // this is the way old msie versions work
    res = flip(document.all[szDivId]);
  }
  if(elem) {
    if(res == 0) elem.innerHTML = msg1; else elem.innerHTML = msg2;
  }

}

function toggleAllBoxes() {
  if (document.getElementsByTagName) {
    d = document.getElementsByTagName('div');
    for (i = 0; i < d.length; i++) {
      if (d[i].className == 'log') {
        flip(d[i]);
      }
    }
  }
}

// -->
</script>

</head>
<body>
<h2 align='center'>CompleteTest</h2><table border='1' align="center">
<tr>
<td>Tests passed/Failed/Skipped:</td><td>10/2/0</td>
</tr><tr>
<td>Started on:</td><td>Fri Oct 30 12:32:49 IST 2015</td>
</tr>
<tr><td>Total time:</td><td>349 seconds (349633 ms)</td>
</tr><tr>
<td>Included groups:</td><td>SmokeTest RegressionTest </td>
</tr><tr>
<td>Excluded groups:</td><td></td>
</tr>
</table><p/>
<small><i>(Hover the method name to see the test class name)</i></small><p/>
<table width='100%' border='1' class='invocation-failed'>
<tr><td colspan='4' align='center'><b>FAILED TESTS</b></td></tr>
<tr><td><b>Test method</b></td>
<td width="30%"><b>Exception</b></td>
<td width="10%"><b>Time (seconds)</b></td>
<td><b>Instance</b></td>
</tr>
<tr>
<td title='TestCases.BookSearch_TestCase.valid_booksearch()'><b>valid_booksearch</b><br>Test class: TestCases.BookSearch_TestCase<br>Parameters: GB_08, Chandler, 430.0</td>
<td><div><pre>java.lang.AssertionError: expected [430] but found [415]
	at TestCases.BookSearch_TestCase.valid_booksearch(Unknown Source)
... Removed 28 stack frames</pre></div><a href='#' onClick='toggleBox("stack-trace27509439", this, "Click to show all stack frames", "Click to hide stack frames")'>Click to show all stack frames</a>
<div class='stack-trace' id='stack-trace27509439'><pre>java.lang.AssertionError: expected [430] but found [415]
	at org.testng.Assert.fail(Assert.java:94)
	at org.testng.Assert.failNotEquals(Assert.java:494)
	at org.testng.Assert.assertEquals(Assert.java:123)
	at org.testng.Assert.assertEquals(Assert.java:176)
	at org.testng.Assert.assertEquals(Assert.java:186)
	at TestCases.BookSearch_TestCase.valid_booksearch(Unknown Source)
	at sun.reflect.NativeMethodAccessorImpl.invoke0(Native Method)
	at sun.reflect.NativeMethodAccessorImpl.invoke(Unknown Source)
	at sun.reflect.DelegatingMethodAccessorImpl.invoke(Unknown Source)
	at java.lang.reflect.Method.invoke(Unknown Source)
	at org.testng.internal.MethodInvocationHelper.invokeMethod(MethodInvocationHelper.java:80)
	at org.testng.internal.Invoker.invokeMethod(Invoker.java:714)
	at org.testng.internal.Invoker.invokeTestMethod(Invoker.java:901)
	at org.testng.internal.Invoker.invokeTestMethods(Invoker.java:1231)
	at org.testng.internal.TestMethodWorker.invokeTestMethods(TestMethodWorker.java:127)
	at org.testng.internal.TestMethodWorker.run(TestMethodWorker.java:111)
	at org.testng.TestRunner.privateRun(TestRunner.java:767)
	at org.testng.TestRunner.run(TestRunner.java:617)
	at org.testng.SuiteRunner.runTest(SuiteRunner.java:334)
	at org.testng.SuiteRunner.runSequentially(SuiteRunner.java:329)
	at org.testng.SuiteRunner.privateRun(SuiteRunner.java:291)
	at org.testng.SuiteRunner.run(SuiteRunner.java:240)
	at org.testng.SuiteRunnerWorker.runSuite(SuiteRunnerWorker.java:52)
	at org.testng.SuiteRunnerWorker.run(SuiteRunnerWorker.java:86)
	at org.testng.TestNG.runSuitesSequentially(TestNG.java:1198)
	at org.testng.TestNG.runSuitesLocally(TestNG.java:1123)
	at org.testng.TestNG.run(TestNG.java:1031)
	at org.testng.TestNG.privateMain(TestNG.java:1338)
	at org.testng.TestNG.main(TestNG.java:1307)
</pre></div></td>
<td>22</td>
<td>TestCases.BookSearch_TestCase@e7f9b3</td></tr>
<tr>
<td title='TestCases.BookSearch_TestCase.valid_booksearch()'><b>valid_booksearch</b><br>Test class: TestCases.BookSearch_TestCase<br>Parameters: GB_10, Ways, 495.0</td>
<td><div><pre>java.lang.AssertionError: expected [495] but found [492]
	at TestCases.BookSearch_TestCase.valid_booksearch(Unknown Source)
... Removed 28 stack frames</pre></div><a href='#' onClick='toggleBox("stack-trace5492584", this, "Click to show all stack frames", "Click to hide stack frames")'>Click to show all stack frames</a>
<div class='stack-trace' id='stack-trace5492584'><pre>java.lang.AssertionError: expected [495] but found [492]
	at org.testng.Assert.fail(Assert.java:94)
	at org.testng.Assert.failNotEquals(Assert.java:494)
	at org.testng.Assert.assertEquals(Assert.java:123)
	at org.testng.Assert.assertEquals(Assert.java:176)
	at org.testng.Assert.assertEquals(Assert.java:186)
	at TestCases.BookSearch_TestCase.valid_booksearch(Unknown Source)
	at sun.reflect.NativeMethodAccessorImpl.invoke0(Native Method)
	at sun.reflect.NativeMethodAccessorImpl.invoke(Unknown Source)
	at sun.reflect.DelegatingMethodAccessorImpl.invoke(Unknown Source)
	at java.lang.reflect.Method.invoke(Unknown Source)
	at org.testng.internal.MethodInvocationHelper.invokeMethod(MethodInvocationHelper.java:80)
	at org.testng.internal.Invoker.invokeMethod(Invoker.java:714)
	at org.testng.internal.Invoker.invokeTestMethod(Invoker.java:901)
	at org.testng.internal.Invoker.invokeTestMethods(Invoker.java:1231)
	at org.testng.internal.TestMethodWorker.invokeTestMethods(TestMethodWorker.java:127)
	at org.testng.internal.TestMethodWorker.run(TestMethodWorker.java:111)
	at org.testng.TestRunner.privateRun(TestRunner.java:767)
	at org.testng.TestRunner.run(TestRunner.java:617)
	at org.testng.SuiteRunner.runTest(SuiteRunner.java:334)
	at org.testng.SuiteRunner.runSequentially(SuiteRunner.java:329)
	at org.testng.SuiteRunner.privateRun(SuiteRunner.java:291)
	at org.testng.SuiteRunner.run(SuiteRunner.java:240)
	at org.testng.SuiteRunnerWorker.runSuite(SuiteRunnerWorker.java:52)
	at org.testng.SuiteRunnerWorker.run(SuiteRunnerWorker.java:86)
	at org.testng.TestNG.runSuitesSequentially(TestNG.java:1198)
	at org.testng.TestNG.runSuitesLocally(TestNG.java:1123)
	at org.testng.TestNG.run(TestNG.java:1031)
	at org.testng.TestNG.privateMain(TestNG.java:1338)
	at org.testng.TestNG.main(TestNG.java:1307)
</pre></div></td>
<td>24</td>
<td>TestCases.BookSearch_TestCase@e7f9b3</td></tr>
</table><p>
<table width='100%' border='1' class='invocation-passed'>
<tr><td colspan='4' align='center'><b>PASSED TESTS</b></td></tr>
<tr><td><b>Test method</b></td>
<td width="30%"><b>Exception</b></td>
<td width="10%"><b>Time (seconds)</b></td>
<td><b>Instance</b></td>
</tr>
<tr>
<td title='TestCases.BookSearch_TestCase.Invalid_booksearch()'><b>Invalid_booksearch</b><br>Test class: TestCases.BookSearch_TestCase<br>Parameters: GB_11, bbsj54sfdds, Sorry..'bbsj54sfdds' does not match any product on Rediff Books.</td>
<td></td>
<td>19</td>
<td>TestCases.BookSearch_TestCase@e7f9b3</td></tr>
<tr>
<td title='TestCases.LoginTestcase.Invalid_login_Test()'><b>Invalid_login_Test</b><br>Test class: TestCases.LoginTestcase<br>Parameters: GB_01, Raje, hjkh, Sorry we were unable to complete this step because :</td>
<td></td>
<td>36</td>
<td>TestCases.LoginTestcase@8a6351</td></tr>
<tr>
<td title='TestCases.LoginTestcase.Invalid_login_Test()'><b>Invalid_login_Test</b><br>Test class: TestCases.LoginTestcase<br>Parameters: GB_02, sfag, avioto, Sorry we were unable to complete this step because :</td>
<td></td>
<td>26</td>
<td>TestCases.LoginTestcase@8a6351</td></tr>
<tr>
<td title='TestCases.LoginTestcase.Invalid_login_Test()'><b>Invalid_login_Test</b><br>Test class: TestCases.LoginTestcase<br>Parameters: GB_03, fg, , Sorry we were unable to complete this step because :</td>
<td></td>
<td>24</td>
<td>TestCases.LoginTestcase@8a6351</td></tr>
<tr>
<td title='TestCases.LoginTestcase.Invalid_login_Test()'><b>Invalid_login_Test</b><br>Test class: TestCases.LoginTestcase<br>Parameters: GB_04, , hjkh, Sorry we were unable to complete this step because :</td>
<td></td>
<td>24</td>
<td>TestCases.LoginTestcase@8a6351</td></tr>
<tr>
<td title='TestCases.LoginTestcase.Invalid_login_Test()'><b>Invalid_login_Test</b><br>Test class: TestCases.LoginTestcase<br>Parameters: GB_05, , , Sorry we were unable to complete this step because :</td>
<td></td>
<td>24</td>
<td>TestCases.LoginTestcase@8a6351</td></tr>
<tr>
<td title='TestCases.LoginTestcase.Invalid_login_Test()'><b>Invalid_login_Test</b><br>Test class: TestCases.LoginTestcase<br>Parameters: GB_06, rsj, jhj, Sorry we were unable to complete this step because :</td>
<td></td>
<td>22</td>
<td>TestCases.LoginTestcase@8a6351</td></tr>
<tr>
<td title='TestCases.BookCart_TestCase.add2Cart()'><b>add2Cart</b><br>Test class: TestCases.BookCart_TestCase<br>Parameters: GB_12, qtpworld2008@gmail.com, learn123, Flood and Fire, 1.0, Flood and Fire</td>
<td></td>
<td>47</td>
<td>TestCases.BookCart_TestCase@1ba92bb</td></tr>
<tr>
<td title='TestCases.BookSearch_TestCase.valid_booksearch()'><b>valid_booksearch</b><br>Test class: TestCases.BookSearch_TestCase<br>Parameters: GB_09, Jaico, 4.0</td>
<td></td>
<td>50</td>
<td>TestCases.BookSearch_TestCase@e7f9b3</td></tr>
<tr>
<td title='TestCases.LoginTestcase.valid_login()'><b>valid_login</b><br>Test class: TestCases.LoginTestcase<br>Parameters: GB_07, qtpworld2008@gmail.com, learn123, qtpworld2008 g</td>
<td></td>
<td>24</td>
<td>TestCases.LoginTestcase@8a6351</td></tr>
</table><p>
</body>
</html>